<?xml version="1.0" encoding="UTF-8"?>
<testsuite xmlns:xsi="http://www.w3.org/2001/XMLSchema-instance" xsi:noNamespaceSchemaLocation="https://maven.apache.org/surefire/maven-surefire-plugin/xsd/surefire-test-report.xsd" version="3.0.2" name="ec.edu.espe.banco.BancoApplicationTests" time="5.582" tests="1" errors="0" skipped="0" failures="0">
  <properties>
[...]
</properties>
  <testcase name="contextLoads" classname="ec.edu.espe.banco.BancoApplicationTests" time="0.406">
    <system-out><![CDATA[09:54:58.210 [main] INFO org.springframework.test.context.support.AnnotationConfigContextLoaderUtils -- Could not detect default configuration classes for test class [ec.edu.espe.banco.BancoApplicationTests]: BancoApplicationTests does not declare any static, non-private, non-final, nested classes annotated with @Configuration.
09:54:58.325 [main] INFO org.springframework.boot.test.context.SpringBootTestContextBootstrapper -- Found @SpringBootConfiguration ec.edu.espe.banco.BancoApplication for test class ec.edu.espe.banco.BancoApplicationTests
09:54:58.478 [main] INFO org.springframework.boot.devtools.restart.RestartApplicationListener -- Restart disabled due to context in which it is running

  .   ____          _            __ _ _
 /\\ / ___'_ __ _ _(_)_ __  __ _ \ \ \ \
( ( )\___ | '_ | '_| | '_ \/ _` | \ \ \ \
 \\/  ___)| |_)| | | | | || (_| |  ) ) ) )
  '  |____| .__|_| |_|_| |_\__, | / / / /
 =========|_|==============|___/=/_/_/_/

 :: Spring Boot ::                (v3.4.1)

2025-02-06T09:54:58.717-05:00  INFO 28368 --- [banco] [           main] e.edu.espe.banco.BancoApplicationTests   : Starting BancoApplicationTests using Java 19.0.2 with PID 28368 (started by rdavi in C:\Users\rdavi\Desktop\ESPE\CLASES\PERIODO-202451\APLIC-DISTRIB\3 Parcial\proy_clase\banco)
2025-02-06T09:54:58.719-05:00  INFO 28368 --- [banco] [           main] e.edu.espe.banco.BancoApplicationTests   : No active profile set, falling back to 1 default profile: "default"
2025-02-06T09:54:59.458-05:00  INFO 28368 --- [banco] [           main] .s.d.r.c.RepositoryConfigurationDelegate : Bootstrapping Spring Data JPA repositories in DEFAULT mode.
2025-02-06T09:54:59.520-05:00  INFO 28368 --- [banco] [           main] .s.d.r.c.RepositoryConfigurationDelegate : Finished Spring Data repository scanning in 52 ms. Found 4 JPA repository interfaces.
2025-02-06T09:55:00.073-05:00  INFO 28368 --- [banco] [           main] com.zaxxer.hikari.HikariDataSource       : HikariPool-1 - Starting...
2025-02-06T09:55:00.246-05:00  INFO 28368 --- [banco] [           main] com.zaxxer.hikari.pool.HikariPool        : HikariPool-1 - Added connection com.mysql.cj.jdbc.ConnectionImpl@491cafec
2025-02-06T09:55:00.247-05:00  INFO 28368 --- [banco] [           main] com.zaxxer.hikari.HikariDataSource       : HikariPool-1 - Start completed.
2025-02-06T09:55:00.288-05:00  INFO 28368 --- [banco] [           main] o.hibernate.jpa.internal.util.LogHelper  : HHH000204: Processing PersistenceUnitInfo [name: default]
2025-02-06T09:55:00.332-05:00  INFO 28368 --- [banco] [           main] org.hibernate.Version                    : HHH000412: Hibernate ORM core version 6.6.4.Final
2025-02-06T09:55:00.374-05:00  INFO 28368 --- [banco] [           main] o.h.c.internal.RegionFactoryInitiator    : HHH000026: Second-level cache disabled
2025-02-06T09:55:00.820-05:00  INFO 28368 --- [banco] [           main] o.s.o.j.p.SpringPersistenceUnitInfo      : No LoadTimeWeaver setup: ignoring JPA class transformer
2025-02-06T09:55:00.885-05:00  WARN 28368 --- [banco] [           main] org.hibernate.dialect.Dialect            : HHH000511: The 5.5.5 version for [org.hibernate.dialect.MySQLDialect] is no longer supported, hence certain features may not work properly. The minimum supported version is 8.0.0. Check the community dialects project for available legacy versions.
2025-02-06T09:55:00.889-05:00  WARN 28368 --- [banco] [           main] org.hibernate.orm.deprecation            : HHH90000025: MySQLDialect does not need to be specified explicitly using 'hibernate.dialect' (remove the property setting and it will be selected by default)
2025-02-06T09:55:00.901-05:00  INFO 28368 --- [banco] [           main] org.hibernate.orm.connections.pooling    : HHH10001005: Database info:
	Database JDBC URL [Connecting through datasource 'HikariDataSource (HikariPool-1)']
	Database driver: undefined/unknown
	Database version: 5.5.5
	Autocommit mode: undefined/unknown
	Isolation level: undefined/unknown
	Minimum pool size: undefined/unknown
	Maximum pool size: undefined/unknown
2025-02-06T09:55:01.608-05:00  INFO 28368 --- [banco] [           main] o.h.e.t.j.p.i.JtaPlatformInitiator       : HHH000489: No JTA platform available (set 'hibernate.transaction.jta.platform' to enable JTA platform integration)
2025-02-06T09:55:01.610-05:00  INFO 28368 --- [banco] [           main] j.LocalContainerEntityManagerFactoryBean : Initialized JPA EntityManagerFactory for persistence unit 'default'
2025-02-06T09:55:02.183-05:00  WARN 28368 --- [banco] [           main] JpaBaseConfiguration$JpaWebConfiguration : spring.jpa.open-in-view is enabled by default. Therefore, database queries may be performed during view rendering. Explicitly configure spring.jpa.open-in-view to disable this warning
2025-02-06T09:55:03.205-05:00  INFO 28368 --- [banco] [           main] e.edu.espe.banco.BancoApplicationTests   : Started BancoApplicationTests in 4.738 seconds (process running for 5.685)
]]></system-out>
  </testcase>
</testsuite>